2024-11-07T11:45:27.088+0100 INFO               [main]                         be.pxl.services.NotificationServiceApplication - Starting NotificationServiceApplication using Java 21.0.2 with PID 1884 (C:\PXL\Derde Jaar\Java Fullstack\3tiwfullstack-labs-RhaniPietersPXL\backend-java\SpringCloudPXL\notification-service\target\classes started by Rhani in C:\PXL\Derde Jaar\Java Fullstack\3tiwfullstack-labs-RhaniPietersPXL\backend-java\SpringCloudPXL)
2024-11-07T11:45:27.089+0100 DEBUG              [main]                         be.pxl.services.NotificationServiceApplication - Running with Spring Boot v3.3.3, Spring v6.1.12
2024-11-07T11:45:27.089+0100 INFO               [main]                         be.pxl.services.NotificationServiceApplication - No active profile set, falling back to 1 default profile: "default"
2024-11-07T11:45:38.724+0100 INFO               [main]                         be.pxl.services.EmployeeServiceApplication - Starting EmployeeServiceApplication using Java 21.0.2 with PID 3168 (C:\PXL\Derde Jaar\Java Fullstack\3tiwfullstack-labs-RhaniPietersPXL\backend-java\SpringCloudPXL\employee-service\target\classes started by Rhani in C:\PXL\Derde Jaar\Java Fullstack\3tiwfullstack-labs-RhaniPietersPXL\backend-java\SpringCloudPXL)
2024-11-07T11:45:38.730+0100 DEBUG              [main]                         be.pxl.services.EmployeeServiceApplication - Running with Spring Boot v3.3.3, Spring v6.1.12
2024-11-07T11:45:38.734+0100 INFO               [main]                         be.pxl.services.EmployeeServiceApplication - No active profile set, falling back to 1 default profile: "default"
2024-11-07T11:45:45.519+0100 INFO               [main]                         be.pxl.services.EmployeeServiceApplication - Started EmployeeServiceApplication in 8.36 seconds (process running for 9.566)
2024-11-07T11:45:49.402+0100 INFO               [main]                         be.pxl.services.NotificationServiceApplication - Starting NotificationServiceApplication using Java 21.0.2 with PID 22336 (C:\PXL\Derde Jaar\Java Fullstack\3tiwfullstack-labs-RhaniPietersPXL\backend-java\SpringCloudPXL\notification-service\target\classes started by Rhani in C:\PXL\Derde Jaar\Java Fullstack\3tiwfullstack-labs-RhaniPietersPXL\backend-java\SpringCloudPXL)
2024-11-07T11:45:49.402+0100 DEBUG              [main]                         be.pxl.services.NotificationServiceApplication - Running with Spring Boot v3.3.3, Spring v6.1.12
2024-11-07T11:45:49.403+0100 INFO               [main]                         be.pxl.services.NotificationServiceApplication - No active profile set, falling back to 1 default profile: "default"
2024-11-07T11:46:16.181+0100 INFO               [main]                         be.pxl.services.DepartmentServiceApplication - Starting DepartmentServiceApplication using Java 21.0.2 with PID 23356 (C:\PXL\Derde Jaar\Java Fullstack\3tiwfullstack-labs-RhaniPietersPXL\backend-java\SpringCloudPXL\department-service\target\classes started by Rhani in C:\PXL\Derde Jaar\Java Fullstack\3tiwfullstack-labs-RhaniPietersPXL\backend-java\SpringCloudPXL)
2024-11-07T11:46:16.181+0100 DEBUG              [main]                         be.pxl.services.DepartmentServiceApplication - Running with Spring Boot v3.3.3, Spring v6.1.12
2024-11-07T11:46:16.182+0100 INFO               [main]                         be.pxl.services.DepartmentServiceApplication - No active profile set, falling back to 1 default profile: "default"
2024-11-07T11:46:22.007+0100 INFO               [main]                         be.pxl.services.OrganizationServiceApplication - Starting OrganizationServiceApplication using Java 21.0.2 with PID 2788 (C:\PXL\Derde Jaar\Java Fullstack\3tiwfullstack-labs-RhaniPietersPXL\backend-java\SpringCloudPXL\organization-service\target\classes started by Rhani in C:\PXL\Derde Jaar\Java Fullstack\3tiwfullstack-labs-RhaniPietersPXL\backend-java\SpringCloudPXL)
2024-11-07T11:46:22.009+0100 DEBUG              [main]                         be.pxl.services.OrganizationServiceApplication - Running with Spring Boot v3.3.3, Spring v6.1.12
2024-11-07T11:46:22.010+0100 INFO               [main]                         be.pxl.services.OrganizationServiceApplication - No active profile set, falling back to 1 default profile: "default"
2024-11-07T11:46:22.217+0100 INFO               [main]                         be.pxl.services.DepartmentServiceApplication - Started DepartmentServiceApplication in 7.047 seconds (process running for 7.667)
2024-11-07T11:46:26.775+0100 INFO               [main]                         be.pxl.services.OrganizationServiceApplication - Started OrganizationServiceApplication in 5.85 seconds (process running for 6.525)
2024-11-07T11:47:56.938+0100 INFO               [main]                         be.pxl.services.NotificationServiceApplication - Starting NotificationServiceApplication using Java 21.0.2 with PID 14964 (C:\PXL\Derde Jaar\Java Fullstack\3tiwfullstack-labs-RhaniPietersPXL\backend-java\SpringCloudPXL\notification-service\target\classes started by Rhani in C:\PXL\Derde Jaar\Java Fullstack\3tiwfullstack-labs-RhaniPietersPXL\backend-java\SpringCloudPXL)
2024-11-07T11:47:56.939+0100 DEBUG              [main]                         be.pxl.services.NotificationServiceApplication - Running with Spring Boot v3.3.3, Spring v6.1.12
2024-11-07T11:47:56.940+0100 INFO               [main]                         be.pxl.services.NotificationServiceApplication - No active profile set, falling back to 1 default profile: "default"
2024-11-07T11:48:00.140+0100 INFO               [main]                         be.pxl.services.EmployeeServiceApplication - Starting EmployeeServiceApplication using Java 21.0.2 with PID 15380 (C:\PXL\Derde Jaar\Java Fullstack\3tiwfullstack-labs-RhaniPietersPXL\backend-java\SpringCloudPXL\employee-service\target\classes started by Rhani in C:\PXL\Derde Jaar\Java Fullstack\3tiwfullstack-labs-RhaniPietersPXL\backend-java\SpringCloudPXL)
2024-11-07T11:48:00.141+0100 DEBUG              [main]                         be.pxl.services.EmployeeServiceApplication - Running with Spring Boot v3.3.3, Spring v6.1.12
2024-11-07T11:48:00.141+0100 INFO               [main]                         be.pxl.services.EmployeeServiceApplication - No active profile set, falling back to 1 default profile: "default"
2024-11-07T11:48:00.706+0100 INFO               [main]                         be.pxl.services.NotificationServiceApplication - Started NotificationServiceApplication in 4.695 seconds (process running for 5.246)
2024-11-07T11:48:04.260+0100 INFO               [main]                         be.pxl.services.EmployeeServiceApplication - Started EmployeeServiceApplication in 5.187 seconds (process running for 5.832)
2024-11-07T11:50:47.630+0100 INFO               [main]                         be.pxl.services.DepartmentServiceApplication - Starting DepartmentServiceApplication using Java 21.0.2 with PID 1096 (C:\PXL\Derde Jaar\Java Fullstack\3tiwfullstack-labs-RhaniPietersPXL\backend-java\SpringCloudPXL\department-service\target\classes started by Rhani in C:\PXL\Derde Jaar\Java Fullstack\3tiwfullstack-labs-RhaniPietersPXL\backend-java\SpringCloudPXL)
2024-11-07T11:50:47.631+0100 DEBUG              [main]                         be.pxl.services.DepartmentServiceApplication - Running with Spring Boot v3.3.3, Spring v6.1.12
2024-11-07T11:50:47.631+0100 INFO               [main]                         be.pxl.services.DepartmentServiceApplication - No active profile set, falling back to 1 default profile: "default"
2024-11-07T11:50:51.880+0100 INFO               [main]                         be.pxl.services.DepartmentServiceApplication - Started DepartmentServiceApplication in 5.19 seconds (process running for 5.768)
2024-11-07T11:52:20.878+0100 INFO               [http-nio-8082-exec-2]         be.pxl.services.controller.EmployeeController - Fetching all employees
2024-11-07T11:52:20.878+0100 INFO               [http-nio-8082-exec-2]         be.pxl.services.services.EmployeeService - Retrieving all employees
2024-11-07T12:00:34.219+0100 INFO               [main]                         be.pxl.services.NotificationServiceApplication - Starting NotificationServiceApplication using Java 21.0.2 with PID 5692 (C:\PXL\Derde Jaar\Java Fullstack\3tiwfullstack-labs-RhaniPietersPXL\backend-java\SpringCloudPXL\notification-service\target\classes started by Rhani in C:\PXL\Derde Jaar\Java Fullstack\3tiwfullstack-labs-RhaniPietersPXL\backend-java\SpringCloudPXL)
2024-11-07T12:00:34.220+0100 DEBUG              [main]                         be.pxl.services.NotificationServiceApplication - Running with Spring Boot v3.3.3, Spring v6.1.12
2024-11-07T12:00:34.220+0100 INFO               [main]                         be.pxl.services.NotificationServiceApplication - No active profile set, falling back to 1 default profile: "default"
2024-11-07T12:00:37.473+0100 INFO               [main]                         be.pxl.services.NotificationServiceApplication - Started NotificationServiceApplication in 4.252 seconds (process running for 4.869)
2024-11-07T12:00:39.076+0100 INFO               [http-nio-8082-exec-1]         be.pxl.services.controller.EmployeeController - Fetching all employees
2024-11-07T12:00:39.076+0100 INFO               [http-nio-8082-exec-1]         be.pxl.services.services.EmployeeService - Retrieving all employees
2024-11-07T12:00:40.794+0100 INFO               [http-nio-8082-exec-4]         be.pxl.services.controller.EmployeeController - Fetching all employees
2024-11-07T12:00:40.794+0100 INFO               [http-nio-8082-exec-4]         be.pxl.services.services.EmployeeService - Retrieving all employees
